This file contains any messages produced by compilers while
running configure, to aid debugging if configure makes a mistake.

It was created by libsiw configure 0.9, which was
generated by GNU Autoconf 2.69.  Invocation command line was

  $ ./configure 

## --------- ##
## Platform. ##
## --------- ##

hostname = andrei-vaio
uname -m = x86_64
uname -r = 3.13.0-36-generic
uname -s = Linux
uname -v = #63-Ubuntu SMP Wed Sep 3 21:30:07 UTC 2014

/usr/bin/uname -p = unknown
/bin/uname -X     = unknown

/bin/arch              = unknown
/usr/bin/arch -k       = unknown
/usr/convex/getsysinfo = unknown
/usr/bin/hostinfo      = unknown
/bin/machine           = unknown
/usr/bin/oslevel       = unknown
/bin/universe          = unknown

PATH: /usr/local/sbin
PATH: /usr/local/bin
PATH: /usr/sbin
PATH: /usr/bin
PATH: /sbin
PATH: /bin
PATH: /usr/games
PATH: /usr/local/games
PATH: /usr/local/hadoop/bin
PATH: /usr/local/hadoop/sbin
PATH: /bin


## ----------- ##
## Core tests. ##
## ----------- ##

configure:2441: checking for a BSD-compatible install
configure:2509: result: /usr/bin/install -c
configure:2520: checking whether build environment is sane
configure:2575: result: yes
configure:2726: checking for a thread-safe mkdir -p
configure:2765: result: /bin/mkdir -p
configure:2772: checking for gawk
configure:2788: found /usr/bin/gawk
configure:2799: result: gawk
configure:2810: checking whether make sets $(MAKE)
configure:2832: result: yes
configure:2861: checking whether make supports nested variables
configure:2878: result: yes
configure:3033: checking build system type
configure:3047: result: x86_64-unknown-linux-gnu
configure:3067: checking host system type
configure:3080: result: x86_64-unknown-linux-gnu
configure:3121: checking how to print strings
configure:3148: result: printf
configure:3181: checking for style of include used by make
configure:3209: result: GNU
configure:3280: checking for gcc
configure:3296: found /usr/bin/gcc
configure:3307: result: gcc
configure:3536: checking for C compiler version
configure:3545: gcc --version >&5
gcc (Ubuntu 4.8.2-19ubuntu1) 4.8.2
Copyright (C) 2013 Free Software Foundation, Inc.
This is free software; see the source for copying conditions.  There is NO
warranty; not even for MERCHANTABILITY or FITNESS FOR A PARTICULAR PURPOSE.

configure:3556: $? = 0
configure:3545: gcc -v >&5
Using built-in specs.
COLLECT_GCC=gcc
COLLECT_LTO_WRAPPER=/usr/lib/gcc/x86_64-linux-gnu/4.8/lto-wrapper
Target: x86_64-linux-gnu
Configured with: ../src/configure -v --with-pkgversion='Ubuntu 4.8.2-19ubuntu1' --with-bugurl=file:///usr/share/doc/gcc-4.8/README.Bugs --enable-languages=c,c++,java,go,d,fortran,objc,obj-c++ --prefix=/usr --program-suffix=-4.8 --enable-shared --enable-linker-build-id --libexecdir=/usr/lib --without-included-gettext --enable-threads=posix --with-gxx-include-dir=/usr/include/c++/4.8 --libdir=/usr/lib --enable-nls --with-sysroot=/ --enable-clocale=gnu --enable-libstdcxx-debug --enable-libstdcxx-time=yes --enable-gnu-unique-object --disable-libmudflap --enable-plugin --with-system-zlib --disable-browser-plugin --enable-java-awt=gtk --enable-gtk-cairo --with-java-home=/usr/lib/jvm/java-1.5.0-gcj-4.8-amd64/jre --enable-java-home --with-jvm-root-dir=/usr/lib/jvm/java-1.5.0-gcj-4.8-amd64 --with-jvm-jar-dir=/usr/lib/jvm-exports/java-1.5.0-gcj-4.8-amd64 --with-arch-directory=amd64 --with-ecj-jar=/usr/share/java/eclipse-ecj.jar --enable-objc-gc --enable-multiarch --disable-werror --with-arch-32=i686 --with-abi=m64 --with-multilib-list=m32,m64,mx32 --with-tune=generic --enable-checking=release --build=x86_64-linux-gnu --host=x86_64-linux-gnu --target=x86_64-linux-gnu
Thread model: posix
gcc version 4.8.2 (Ubuntu 4.8.2-19ubuntu1) 
configure:3556: $? = 0
configure:3545: gcc -V >&5
gcc: error: unrecognized command line option '-V'
gcc: fatal error: no input files
compilation terminated.
configure:3556: $? = 4
configure:3545: gcc -qversion >&5
gcc: error: unrecognized command line option '-qversion'
gcc: fatal error: no input files
compilation terminated.
configure:3556: $? = 4
configure:3576: checking whether the C compiler works
configure:3598: gcc    conftest.c  >&5
configure:3602: $? = 0
configure:3650: result: yes
configure:3653: checking for C compiler default output file name
configure:3655: result: a.out
configure:3661: checking for suffix of executables
configure:3668: gcc -o conftest    conftest.c  >&5
configure:3672: $? = 0
configure:3694: result: 
configure:3716: checking whether we are cross compiling
configure:3724: gcc -o conftest    conftest.c  >&5
configure:3728: $? = 0
configure:3735: ./conftest
configure:3739: $? = 0
configure:3754: result: no
configure:3759: checking for suffix of object files
configure:3781: gcc -c   conftest.c >&5
configure:3785: $? = 0
configure:3806: result: o
configure:3810: checking whether we are using the GNU C compiler
configure:3829: gcc -c   conftest.c >&5
configure:3829: $? = 0
configure:3838: result: yes
configure:3847: checking whether gcc accepts -g
configure:3867: gcc -c -g  conftest.c >&5
configure:3867: $? = 0
configure:3908: result: yes
configure:3925: checking for gcc option to accept ISO C89
configure:3988: gcc  -c -g -O2  conftest.c >&5
configure:3988: $? = 0
configure:4001: result: none needed
configure:4026: checking whether gcc understands -c and -o together
configure:4048: gcc -c conftest.c -o conftest2.o
configure:4051: $? = 0
configure:4048: gcc -c conftest.c -o conftest2.o
configure:4051: $? = 0
configure:4063: result: yes
configure:4082: checking dependency style of gcc
configure:4193: result: gcc3
configure:4208: checking for a sed that does not truncate output
configure:4272: result: /bin/sed
configure:4290: checking for grep that handles long lines and -e
configure:4348: result: /bin/grep
configure:4353: checking for egrep
configure:4415: result: /bin/grep -E
configure:4420: checking for fgrep
configure:4482: result: /bin/grep -F
configure:4517: checking for ld used by gcc
configure:4584: result: /usr/bin/ld
configure:4591: checking if the linker (/usr/bin/ld) is GNU ld
configure:4606: result: yes
configure:4618: checking for BSD- or MS-compatible name lister (nm)
configure:4667: result: /usr/bin/nm -B
configure:4797: checking the name lister (/usr/bin/nm -B) interface
configure:4804: gcc -c -g -O2  conftest.c >&5
configure:4807: /usr/bin/nm -B "conftest.o"
configure:4810: output
0000000000000000 B some_variable
configure:4817: result: BSD nm
configure:4820: checking whether ln -s works
configure:4824: result: yes
configure:4832: checking the maximum length of command line arguments
configure:4963: result: 1572864
configure:4980: checking whether the shell understands some XSI constructs
configure:4990: result: yes
configure:4994: checking whether the shell understands "+="
configure:5000: result: yes
configure:5035: checking how to convert x86_64-unknown-linux-gnu file names to x86_64-unknown-linux-gnu format
configure:5075: result: func_convert_file_noop
configure:5082: checking how to convert x86_64-unknown-linux-gnu file names to toolchain format
configure:5102: result: func_convert_file_noop
configure:5109: checking for /usr/bin/ld option to reload object files
configure:5116: result: -r
configure:5190: checking for objdump
configure:5206: found /usr/bin/objdump
configure:5217: result: objdump
configure:5249: checking how to recognize dependent libraries
configure:5447: result: pass_all
configure:5532: checking for dlltool
configure:5562: result: no
configure:5592: checking how to associate runtime and link libraries
configure:5619: result: printf %s\n
configure:5680: checking for ar
configure:5696: found /usr/bin/ar
configure:5707: result: ar
configure:5744: checking for archiver @FILE support
configure:5761: gcc -c -g -O2  conftest.c >&5
configure:5761: $? = 0
configure:5764: ar cru libconftest.a @conftest.lst >&5
configure:5767: $? = 0
configure:5772: ar cru libconftest.a @conftest.lst >&5
ar: conftest.o: No such file or directory
configure:5775: $? = 1
configure:5787: result: @
configure:5845: checking for strip
configure:5861: found /usr/bin/strip
configure:5872: result: strip
configure:5944: checking for ranlib
configure:5960: found /usr/bin/ranlib
configure:5971: result: ranlib
configure:6073: checking command to parse /usr/bin/nm -B output from gcc object
configure:6193: gcc -c -g -O2  conftest.c >&5
configure:6196: $? = 0
configure:6200: /usr/bin/nm -B conftest.o \| sed -n -e 's/^.*[ ]\([ABCDGIRSTW][ABCDGIRSTW]*\)[ ][ ]*\([_A-Za-z][_A-Za-z0-9]*\)$/\1 \2 \2/p' | sed '/ __gnu_lto/d' \> conftest.nm
configure:6203: $? = 0
configure:6269: gcc -o conftest -g -O2   conftest.c conftstm.o >&5
configure:6272: $? = 0
configure:6310: result: ok
configure:6347: checking for sysroot
configure:6377: result: no
configure:6454: gcc -c -g -O2  conftest.c >&5
configure:6457: $? = 0
configure:6646: checking for mt
configure:6662: found /bin/mt
configure:6673: result: mt
configure:6696: checking if mt is a manifest tool
configure:6702: mt '-?'
configure:6710: result: no
configure:7352: checking how to run the C preprocessor
configure:7383: gcc -E  conftest.c
configure:7383: $? = 0
configure:7397: gcc -E  conftest.c
conftest.c:11:28: fatal error: ac_nonexistent.h: No such file or directory
 #include <ac_nonexistent.h>
                            ^
compilation terminated.
configure:7397: $? = 1
configure: failed program was:
| /* confdefs.h */
| #define PACKAGE_NAME "libsiw"
| #define PACKAGE_TARNAME "libsiw"
| #define PACKAGE_VERSION "0.9"
| #define PACKAGE_STRING "libsiw 0.9"
| #define PACKAGE_BUGREPORT "bmt@zurich.ibm.com"
| #define PACKAGE_URL ""
| #define PACKAGE "libsiw"
| #define VERSION "0.9"
| /* end confdefs.h.  */
| #include <ac_nonexistent.h>
configure:7422: result: gcc -E
configure:7442: gcc -E  conftest.c
configure:7442: $? = 0
configure:7456: gcc -E  conftest.c
conftest.c:11:28: fatal error: ac_nonexistent.h: No such file or directory
 #include <ac_nonexistent.h>
                            ^
compilation terminated.
configure:7456: $? = 1
configure: failed program was:
| /* confdefs.h */
| #define PACKAGE_NAME "libsiw"
| #define PACKAGE_TARNAME "libsiw"
| #define PACKAGE_VERSION "0.9"
| #define PACKAGE_STRING "libsiw 0.9"
| #define PACKAGE_BUGREPORT "bmt@zurich.ibm.com"
| #define PACKAGE_URL ""
| #define PACKAGE "libsiw"
| #define VERSION "0.9"
| /* end confdefs.h.  */
| #include <ac_nonexistent.h>
configure:7485: checking for ANSI C header files
configure:7505: gcc -c -g -O2  conftest.c >&5
configure:7505: $? = 0
configure:7578: gcc -o conftest -g -O2   conftest.c  >&5
configure:7578: $? = 0
configure:7578: ./conftest
configure:7578: $? = 0
configure:7589: result: yes
configure:7602: checking for sys/types.h
configure:7602: gcc -c -g -O2  conftest.c >&5
configure:7602: $? = 0
configure:7602: result: yes
configure:7602: checking for sys/stat.h
configure:7602: gcc -c -g -O2  conftest.c >&5
configure:7602: $? = 0
configure:7602: result: yes
configure:7602: checking for stdlib.h
configure:7602: gcc -c -g -O2  conftest.c >&5
configure:7602: $? = 0
configure:7602: result: yes
configure:7602: checking for string.h
configure:7602: gcc -c -g -O2  conftest.c >&5
configure:7602: $? = 0
configure:7602: result: yes
configure:7602: checking for memory.h
configure:7602: gcc -c -g -O2  conftest.c >&5
configure:7602: $? = 0
configure:7602: result: yes
configure:7602: checking for strings.h
configure:7602: gcc -c -g -O2  conftest.c >&5
configure:7602: $? = 0
configure:7602: result: yes
configure:7602: checking for inttypes.h
configure:7602: gcc -c -g -O2  conftest.c >&5
configure:7602: $? = 0
configure:7602: result: yes
configure:7602: checking for stdint.h
configure:7602: gcc -c -g -O2  conftest.c >&5
configure:7602: $? = 0
configure:7602: result: yes
configure:7602: checking for unistd.h
configure:7602: gcc -c -g -O2  conftest.c >&5
configure:7602: $? = 0
configure:7602: result: yes
configure:7616: checking for dlfcn.h
configure:7616: gcc -c -g -O2  conftest.c >&5
configure:7616: $? = 0
configure:7616: result: yes
configure:7822: checking for objdir
configure:7837: result: .libs
configure:8104: checking if gcc supports -fno-rtti -fno-exceptions
configure:8122: gcc -c -g -O2  -fno-rtti -fno-exceptions conftest.c >&5
cc1: warning: command line option '-fno-rtti' is valid for C++/ObjC++ but not for C [enabled by default]
configure:8126: $? = 0
configure:8139: result: no
configure:8466: checking for gcc option to produce PIC
configure:8473: result: -fPIC -DPIC
configure:8481: checking if gcc PIC flag -fPIC -DPIC works
configure:8499: gcc -c -g -O2  -fPIC -DPIC -DPIC conftest.c >&5
configure:8503: $? = 0
configure:8516: result: yes
configure:8545: checking if gcc static flag -static works
configure:8573: result: yes
configure:8588: checking if gcc supports -c -o file.o
configure:8609: gcc -c -g -O2  -o out/conftest2.o conftest.c >&5
configure:8613: $? = 0
configure:8635: result: yes
configure:8643: checking if gcc supports -c -o file.o
configure:8690: result: yes
configure:8723: checking whether the gcc linker (/usr/bin/ld -m elf_x86_64) supports shared libraries
configure:9880: result: yes
configure:9917: checking whether -lc should be explicitly linked in
configure:9925: gcc -c -g -O2  conftest.c >&5
configure:9928: $? = 0
configure:9943: gcc -shared  -fPIC -DPIC conftest.o  -v -Wl,-soname -Wl,conftest -o conftest 2\>\&1 \| /bin/grep  -lc  \>/dev/null 2\>\&1
configure:9946: $? = 0
configure:9960: result: no
configure:10120: checking dynamic linker characteristics
configure:10620: gcc -o conftest -g -O2   -Wl,-rpath -Wl,/foo conftest.c  >&5
configure:10620: $? = 0
configure:10854: result: GNU/Linux ld.so
configure:10961: checking how to hardcode library paths into programs
configure:10986: result: immediate
configure:11526: checking whether stripping libraries is possible
configure:11531: result: yes
configure:11566: checking if libtool supports shared libraries
configure:11568: result: yes
configure:11571: checking whether to build shared libraries
configure:11592: result: yes
configure:11595: checking whether to build static libraries
configure:11599: result: yes
configure:11694: checking for gcc
configure:11721: result: gcc
configure:11950: checking for C compiler version
configure:11959: gcc --version >&5
gcc (Ubuntu 4.8.2-19ubuntu1) 4.8.2
Copyright (C) 2013 Free Software Foundation, Inc.
This is free software; see the source for copying conditions.  There is NO
warranty; not even for MERCHANTABILITY or FITNESS FOR A PARTICULAR PURPOSE.

configure:11970: $? = 0
configure:11959: gcc -v >&5
Using built-in specs.
COLLECT_GCC=gcc
COLLECT_LTO_WRAPPER=/usr/lib/gcc/x86_64-linux-gnu/4.8/lto-wrapper
Target: x86_64-linux-gnu
Configured with: ../src/configure -v --with-pkgversion='Ubuntu 4.8.2-19ubuntu1' --with-bugurl=file:///usr/share/doc/gcc-4.8/README.Bugs --enable-languages=c,c++,java,go,d,fortran,objc,obj-c++ --prefix=/usr --program-suffix=-4.8 --enable-shared --enable-linker-build-id --libexecdir=/usr/lib --without-included-gettext --enable-threads=posix --with-gxx-include-dir=/usr/include/c++/4.8 --libdir=/usr/lib --enable-nls --with-sysroot=/ --enable-clocale=gnu --enable-libstdcxx-debug --enable-libstdcxx-time=yes --enable-gnu-unique-object --disable-libmudflap --enable-plugin --with-system-zlib --disable-browser-plugin --enable-java-awt=gtk --enable-gtk-cairo --with-java-home=/usr/lib/jvm/java-1.5.0-gcj-4.8-amd64/jre --enable-java-home --with-jvm-root-dir=/usr/lib/jvm/java-1.5.0-gcj-4.8-amd64 --with-jvm-jar-dir=/usr/lib/jvm-exports/java-1.5.0-gcj-4.8-amd64 --with-arch-directory=amd64 --with-ecj-jar=/usr/share/java/eclipse-ecj.jar --enable-objc-gc --enable-multiarch --disable-werror --with-arch-32=i686 --with-abi=m64 --with-multilib-list=m32,m64,mx32 --with-tune=generic --enable-checking=release --build=x86_64-linux-gnu --host=x86_64-linux-gnu --target=x86_64-linux-gnu
Thread model: posix
gcc version 4.8.2 (Ubuntu 4.8.2-19ubuntu1) 
configure:11970: $? = 0
configure:11959: gcc -V >&5
gcc: error: unrecognized command line option '-V'
gcc: fatal error: no input files
compilation terminated.
configure:11970: $? = 4
configure:11959: gcc -qversion >&5
gcc: error: unrecognized command line option '-qversion'
gcc: fatal error: no input files
compilation terminated.
configure:11970: $? = 4
configure:11974: checking whether we are using the GNU C compiler
configure:12002: result: yes
configure:12011: checking whether gcc accepts -g
configure:12072: result: yes
configure:12089: checking for gcc option to accept ISO C89
configure:12165: result: none needed
configure:12190: checking whether gcc understands -c and -o together
configure:12227: result: yes
configure:12246: checking dependency style of gcc
configure:12357: result: gcc3
configure:12376: checking size of long
configure:12381: gcc -o conftest -g -O2   conftest.c  >&5
configure:12381: $? = 0
configure:12381: ./conftest
configure:12381: $? = 0
configure:12395: result: 8
configure:12408: checking for ibv_get_device_list in -libverbs
configure:12433: gcc -o conftest -g -O2   conftest.c -libverbs   >&5
configure:12433: $? = 0
configure:12442: result: yes
configure:12459: checking sysfs/libsysfs.h usability
configure:12459: gcc -c -g -O2  conftest.c >&5
conftest.c:58:28: fatal error: sysfs/libsysfs.h: No such file or directory
 #include <sysfs/libsysfs.h>
                            ^
compilation terminated.
configure:12459: $? = 1
configure: failed program was:
| /* confdefs.h */
| #define PACKAGE_NAME "libsiw"
| #define PACKAGE_TARNAME "libsiw"
| #define PACKAGE_VERSION "0.9"
| #define PACKAGE_STRING "libsiw 0.9"
| #define PACKAGE_BUGREPORT "bmt@zurich.ibm.com"
| #define PACKAGE_URL ""
| #define PACKAGE "libsiw"
| #define VERSION "0.9"
| #define STDC_HEADERS 1
| #define HAVE_SYS_TYPES_H 1
| #define HAVE_SYS_STAT_H 1
| #define HAVE_STDLIB_H 1
| #define HAVE_STRING_H 1
| #define HAVE_MEMORY_H 1
| #define HAVE_STRINGS_H 1
| #define HAVE_INTTYPES_H 1
| #define HAVE_STDINT_H 1
| #define HAVE_UNISTD_H 1
| #define HAVE_DLFCN_H 1
| #define LT_OBJDIR ".libs/"
| #define SIZEOF_LONG 8
| #define HAVE_LIBIBVERBS 1
| /* end confdefs.h.  */
| #include <stdio.h>
| #ifdef HAVE_SYS_TYPES_H
| # include <sys/types.h>
| #endif
| #ifdef HAVE_SYS_STAT_H
| # include <sys/stat.h>
| #endif
| #ifdef STDC_HEADERS
| # include <stdlib.h>
| # include <stddef.h>
| #else
| # ifdef HAVE_STDLIB_H
| #  include <stdlib.h>
| # endif
| #endif
| #ifdef HAVE_STRING_H
| # if !defined STDC_HEADERS && defined HAVE_MEMORY_H
| #  include <memory.h>
| # endif
| # include <string.h>
| #endif
| #ifdef HAVE_STRINGS_H
| # include <strings.h>
| #endif
| #ifdef HAVE_INTTYPES_H
| # include <inttypes.h>
| #endif
| #ifdef HAVE_STDINT_H
| # include <stdint.h>
| #endif
| #ifdef HAVE_UNISTD_H
| # include <unistd.h>
| #endif
| #include <sysfs/libsysfs.h>
configure:12459: result: no
configure:12459: checking sysfs/libsysfs.h presence
configure:12459: gcc -E  conftest.c
conftest.c:25:28: fatal error: sysfs/libsysfs.h: No such file or directory
 #include <sysfs/libsysfs.h>
                            ^
compilation terminated.
configure:12459: $? = 1
configure: failed program was:
| /* confdefs.h */
| #define PACKAGE_NAME "libsiw"
| #define PACKAGE_TARNAME "libsiw"
| #define PACKAGE_VERSION "0.9"
| #define PACKAGE_STRING "libsiw 0.9"
| #define PACKAGE_BUGREPORT "bmt@zurich.ibm.com"
| #define PACKAGE_URL ""
| #define PACKAGE "libsiw"
| #define VERSION "0.9"
| #define STDC_HEADERS 1
| #define HAVE_SYS_TYPES_H 1
| #define HAVE_SYS_STAT_H 1
| #define HAVE_STDLIB_H 1
| #define HAVE_STRING_H 1
| #define HAVE_MEMORY_H 1
| #define HAVE_STRINGS_H 1
| #define HAVE_INTTYPES_H 1
| #define HAVE_STDINT_H 1
| #define HAVE_UNISTD_H 1
| #define HAVE_DLFCN_H 1
| #define LT_OBJDIR ".libs/"
| #define SIZEOF_LONG 8
| #define HAVE_LIBIBVERBS 1
| /* end confdefs.h.  */
| #include <sysfs/libsysfs.h>
configure:12459: result: no
configure:12459: checking for sysfs/libsysfs.h
configure:12459: result: no
configure:12472: checking infiniband/driver.h usability
configure:12472: gcc -c -g -O2  conftest.c >&5
configure:12472: $? = 0
configure:12472: result: yes
configure:12472: checking infiniband/driver.h presence
configure:12472: gcc -E  conftest.c
configure:12472: $? = 0
configure:12472: result: yes
configure:12472: checking for infiniband/driver.h
configure:12472: result: yes
configure:12480: checking for ANSI C header files
configure:12584: result: yes
configure:12594: checking for an ANSI C-conforming const
configure:12660: gcc -c -g -O2  conftest.c >&5
configure:12660: $? = 0
configure:12667: result: yes
configure:12678: checking for ibv_read_sysfs_file
configure:12678: gcc -o conftest -g -O2   conftest.c -libverbs  >&5
configure:12678: $? = 0
configure:12678: result: yes
configure:12700: checking whether ld accepts --version-script
configure:12711: result: yes
configure:12833: checking that generated files are newer than configure
configure:12839: result: done
configure:12870: creating ./config.status

## ---------------------- ##
## Running config.status. ##
## ---------------------- ##

This file was extended by libsiw config.status 0.9, which was
generated by GNU Autoconf 2.69.  Invocation command line was

  CONFIG_FILES    = 
  CONFIG_HEADERS  = 
  CONFIG_LINKS    = 
  CONFIG_COMMANDS = 
  $ ./config.status 

on andrei-vaio

config.status:1088: creating Makefile
config.status:1088: creating libsiw.spec
config.status:1088: creating config.h
config.status:1269: config.h is unchanged
config.status:1317: executing depfiles commands
config.status:1317: executing libtool commands

## ---------------- ##
## Cache variables. ##
## ---------------- ##

ac_cv_build=x86_64-unknown-linux-gnu
ac_cv_c_compiler_gnu=yes
ac_cv_c_const=yes
ac_cv_env_CC_set=
ac_cv_env_CC_value=
ac_cv_env_CFLAGS_set=
ac_cv_env_CFLAGS_value=
ac_cv_env_CPPFLAGS_set=
ac_cv_env_CPPFLAGS_value=
ac_cv_env_CPP_set=
ac_cv_env_CPP_value=
ac_cv_env_LDFLAGS_set=
ac_cv_env_LDFLAGS_value=
ac_cv_env_LIBS_set=
ac_cv_env_LIBS_value=
ac_cv_env_build_alias_set=
ac_cv_env_build_alias_value=
ac_cv_env_host_alias_set=
ac_cv_env_host_alias_value=
ac_cv_env_target_alias_set=
ac_cv_env_target_alias_value=
ac_cv_func_ibv_read_sysfs_file=yes
ac_cv_header_dlfcn_h=yes
ac_cv_header_infiniband_driver_h=yes
ac_cv_header_inttypes_h=yes
ac_cv_header_memory_h=yes
ac_cv_header_stdc=yes
ac_cv_header_stdint_h=yes
ac_cv_header_stdlib_h=yes
ac_cv_header_string_h=yes
ac_cv_header_strings_h=yes
ac_cv_header_sys_stat_h=yes
ac_cv_header_sys_types_h=yes
ac_cv_header_sysfs_libsysfs_h=no
ac_cv_header_unistd_h=yes
ac_cv_host=x86_64-unknown-linux-gnu
ac_cv_lib_ibverbs_ibv_get_device_list=yes
ac_cv_objext=o
ac_cv_path_EGREP='/bin/grep -E'
ac_cv_path_FGREP='/bin/grep -F'
ac_cv_path_GREP=/bin/grep
ac_cv_path_SED=/bin/sed
ac_cv_path_install='/usr/bin/install -c'
ac_cv_path_mkdir=/bin/mkdir
ac_cv_prog_AWK=gawk
ac_cv_prog_CPP='gcc -E'
ac_cv_prog_ac_ct_AR=ar
ac_cv_prog_ac_ct_CC=gcc
ac_cv_prog_ac_ct_MANIFEST_TOOL=mt
ac_cv_prog_ac_ct_OBJDUMP=objdump
ac_cv_prog_ac_ct_RANLIB=ranlib
ac_cv_prog_ac_ct_STRIP=strip
ac_cv_prog_cc_c89=
ac_cv_prog_cc_g=yes
ac_cv_prog_make_make_set=yes
ac_cv_sizeof_long=8
ac_cv_version_script=yes
am_cv_CC_dependencies_compiler_type=gcc3
am_cv_make_support_nested_variables=yes
am_cv_prog_cc_c_o=yes
lt_cv_ar_at_file=@
lt_cv_archive_cmds_need_lc=no
lt_cv_deplibs_check_method=pass_all
lt_cv_file_magic_cmd='$MAGIC_CMD'
lt_cv_file_magic_test_file=
lt_cv_ld_reload_flag=-r
lt_cv_nm_interface='BSD nm'
lt_cv_objdir=.libs
lt_cv_path_LD=/usr/bin/ld
lt_cv_path_NM='/usr/bin/nm -B'
lt_cv_path_mainfest_tool=no
lt_cv_prog_compiler_c_o=yes
lt_cv_prog_compiler_pic='-fPIC -DPIC'
lt_cv_prog_compiler_pic_works=yes
lt_cv_prog_compiler_rtti_exceptions=no
lt_cv_prog_compiler_static_works=yes
lt_cv_prog_gnu_ld=yes
lt_cv_sharedlib_from_linklib_cmd='printf %s\n'
lt_cv_shlibpath_overrides_runpath=no
lt_cv_sys_global_symbol_pipe='sed -n -e '\''s/^.*[	 ]\([ABCDGIRSTW][ABCDGIRSTW]*\)[	 ][	 ]*\([_A-Za-z][_A-Za-z0-9]*\)$/\1 \2 \2/p'\'' | sed '\''/ __gnu_lto/d'\'''
lt_cv_sys_global_symbol_to_c_name_address='sed -n -e '\''s/^: \([^ ]*\)[ ]*$/  {\"\1\", (void *) 0},/p'\'' -e '\''s/^[ABCDGIRSTW]* \([^ ]*\) \([^ ]*\)$/  {"\2", (void *) \&\2},/p'\'''
lt_cv_sys_global_symbol_to_c_name_address_lib_prefix='sed -n -e '\''s/^: \([^ ]*\)[ ]*$/  {\"\1\", (void *) 0},/p'\'' -e '\''s/^[ABCDGIRSTW]* \([^ ]*\) \(lib[^ ]*\)$/  {"\2", (void *) \&\2},/p'\'' -e '\''s/^[ABCDGIRSTW]* \([^ ]*\) \([^ ]*\)$/  {"lib\2", (void *) \&\2},/p'\'''
lt_cv_sys_global_symbol_to_cdecl='sed -n -e '\''s/^T .* \(.*\)$/extern int \1();/p'\'' -e '\''s/^[ABCDGIRSTW]* .* \(.*\)$/extern char \1;/p'\'''
lt_cv_sys_max_cmd_len=1572864
lt_cv_to_host_file_cmd=func_convert_file_noop
lt_cv_to_tool_file_cmd=func_convert_file_noop

## ----------------- ##
## Output variables. ##
## ----------------- ##

ACLOCAL='${SHELL} /home/andrei/Documents/rdma_assignment_handout/siw/userlib/libsiw-0.1/config/missing aclocal-1.14'
AMDEPBACKSLASH='\'
AMDEP_FALSE='#'
AMDEP_TRUE=''
AMTAR='$${TAR-tar}'
AM_BACKSLASH='\'
AM_DEFAULT_V='$(AM_DEFAULT_VERBOSITY)'
AM_DEFAULT_VERBOSITY='1'
AM_V='$(V)'
AR='ar'
AUTOCONF='${SHELL} /home/andrei/Documents/rdma_assignment_handout/siw/userlib/libsiw-0.1/config/missing autoconf'
AUTOHEADER='${SHELL} /home/andrei/Documents/rdma_assignment_handout/siw/userlib/libsiw-0.1/config/missing autoheader'
AUTOMAKE='${SHELL} /home/andrei/Documents/rdma_assignment_handout/siw/userlib/libsiw-0.1/config/missing automake-1.14'
AWK='gawk'
CC='gcc'
CCDEPMODE='depmode=gcc3'
CFLAGS='-g -O2'
CPP='gcc -E'
CPPFLAGS=''
CYGPATH_W='echo'
DEFS='-DHAVE_CONFIG_H'
DEPDIR='.deps'
DLLTOOL='false'
DSYMUTIL=''
DUMPBIN=''
ECHO_C=''
ECHO_N='-n'
ECHO_T=''
EGREP='/bin/grep -E'
EXEEXT=''
FGREP='/bin/grep -F'
GREP='/bin/grep'
HAVE_LD_VERSION_SCRIPT_FALSE='#'
HAVE_LD_VERSION_SCRIPT_TRUE=''
IBV_DEVICE_LIBRARY_EXTENSION='rdmav2'
INSTALL_DATA='${INSTALL} -m 644'
INSTALL_PROGRAM='${INSTALL}'
INSTALL_SCRIPT='${INSTALL}'
INSTALL_STRIP_PROGRAM='$(install_sh) -c -s'
LD='/usr/bin/ld -m elf_x86_64'
LDFLAGS=''
LIBOBJS=''
LIBS='-libverbs '
LIBTOOL='$(SHELL) $(top_builddir)/libtool'
LIPO=''
LN_S='ln -s'
LTLIBOBJS=''
MAKEINFO='${SHELL} /home/andrei/Documents/rdma_assignment_handout/siw/userlib/libsiw-0.1/config/missing makeinfo'
MANIFEST_TOOL=':'
MKDIR_P='/bin/mkdir -p'
NM='/usr/bin/nm -B'
NMEDIT=''
OBJDUMP='objdump'
OBJEXT='o'
OTOOL64=''
OTOOL=''
PACKAGE='libsiw'
PACKAGE_BUGREPORT='bmt@zurich.ibm.com'
PACKAGE_NAME='libsiw'
PACKAGE_STRING='libsiw 0.9'
PACKAGE_TARNAME='libsiw'
PACKAGE_URL=''
PACKAGE_VERSION='0.9'
PATH_SEPARATOR=':'
RANLIB='ranlib'
SED='/bin/sed'
SET_MAKE=''
SHELL='/bin/bash'
STRIP='strip'
VERSION='0.9'
ac_ct_AR='ar'
ac_ct_CC='gcc'
ac_ct_DUMPBIN=''
am__EXEEXT_FALSE=''
am__EXEEXT_TRUE='#'
am__fastdepCC_FALSE='#'
am__fastdepCC_TRUE=''
am__include='include'
am__isrc=''
am__leading_dot='.'
am__nodep='_no'
am__quote=''
am__tar='$${TAR-tar} chof - "$$tardir"'
am__untar='$${TAR-tar} xf -'
bindir='${exec_prefix}/bin'
build='x86_64-unknown-linux-gnu'
build_alias=''
build_cpu='x86_64'
build_os='linux-gnu'
build_vendor='unknown'
datadir='${datarootdir}'
datarootdir='${prefix}/share'
docdir='${datarootdir}/doc/${PACKAGE_TARNAME}'
dvidir='${docdir}'
exec_prefix='${prefix}'
host='x86_64-unknown-linux-gnu'
host_alias=''
host_cpu='x86_64'
host_os='linux-gnu'
host_vendor='unknown'
htmldir='${docdir}'
includedir='${prefix}/include'
infodir='${datarootdir}/info'
install_sh='${SHELL} /home/andrei/Documents/rdma_assignment_handout/siw/userlib/libsiw-0.1/config/install-sh'
libdir='${exec_prefix}/lib'
libexecdir='${exec_prefix}/libexec'
localedir='${datarootdir}/locale'
localstatedir='${prefix}/var'
mandir='${datarootdir}/man'
mkdir_p='$(MKDIR_P)'
oldincludedir='/usr/include'
pdfdir='${docdir}'
prefix='/usr/local'
program_transform_name='s,x,x,'
psdir='${docdir}'
sbindir='${exec_prefix}/sbin'
sharedstatedir='${prefix}/com'
sysconfdir='${prefix}/etc'
target_alias=''

## ----------- ##
## confdefs.h. ##
## ----------- ##

/* confdefs.h */
#define PACKAGE_NAME "libsiw"
#define PACKAGE_TARNAME "libsiw"
#define PACKAGE_VERSION "0.9"
#define PACKAGE_STRING "libsiw 0.9"
#define PACKAGE_BUGREPORT "bmt@zurich.ibm.com"
#define PACKAGE_URL ""
#define PACKAGE "libsiw"
#define VERSION "0.9"
#define STDC_HEADERS 1
#define HAVE_SYS_TYPES_H 1
#define HAVE_SYS_STAT_H 1
#define HAVE_STDLIB_H 1
#define HAVE_STRING_H 1
#define HAVE_MEMORY_H 1
#define HAVE_STRINGS_H 1
#define HAVE_INTTYPES_H 1
#define HAVE_STDINT_H 1
#define HAVE_UNISTD_H 1
#define HAVE_DLFCN_H 1
#define LT_OBJDIR ".libs/"
#define SIZEOF_LONG 8
#define HAVE_LIBIBVERBS 1
#define STDC_HEADERS 1
#define HAVE_IBV_READ_SYSFS_FILE 1

configure: exit 0
